{"level":"info","message":"Connecting to SQLite database:","timestamp":"2025-10-17T04:54:23.704Z"}
{"level":"info","message":"SQLite database connected","timestamp":"2025-10-17T04:54:23.722Z"}
{"error":{"code":"SQLITE_ERROR"},"level":"error","message":"SQLite query error:","params":[null],"sql":"SELECT * FROM nodes WHERE trace_id = ? ORDER BY start_time ASC","timestamp":"2025-10-17T04:54:30.986Z"}
{"error":{"code":"SQLITE_ERROR"},"level":"error","message":"SQLite query error:","params":[null],"sql":"SELECT * FROM nodes WHERE trace_id = ? ORDER BY start_time ASC","timestamp":"2025-10-17T04:54:40.989Z"}
{"error":{"code":"SQLITE_ERROR"},"level":"error","message":"SQLite query error:","params":[null],"sql":"SELECT * FROM nodes WHERE trace_id = ? ORDER BY start_time ASC","timestamp":"2025-10-17T04:54:51.222Z"}
{"error":{"code":"SQLITE_ERROR"},"level":"error","message":"SQLite query error:","params":[null],"sql":"SELECT * FROM nodes WHERE trace_id = ? ORDER BY start_time ASC","timestamp":"2025-10-17T04:55:01.225Z"}
{"error":{"code":"SQLITE_ERROR"},"level":"error","message":"SQLite query error:","params":[null],"sql":"SELECT * FROM nodes WHERE trace_id = ? ORDER BY start_time ASC","timestamp":"2025-10-17T04:55:11.222Z"}
{"error":{"code":"SQLITE_ERROR"},"level":"error","message":"SQLite query error:","params":[null],"sql":"SELECT * FROM nodes WHERE trace_id = ? ORDER BY start_time ASC","timestamp":"2025-10-17T04:55:21.234Z"}
{"error":{"code":"SQLITE_ERROR"},"level":"error","message":"SQLite query error:","params":[null],"sql":"SELECT * FROM nodes WHERE trace_id = ? ORDER BY start_time ASC","timestamp":"2025-10-17T04:55:30.990Z"}
{"error":{"code":"SQLITE_ERROR"},"level":"error","message":"SQLite query error:","params":[null],"sql":"SELECT * FROM nodes WHERE trace_id = ? ORDER BY start_time ASC","timestamp":"2025-10-17T04:55:40.999Z"}
{"error":{"code":"SQLITE_ERROR"},"level":"error","message":"SQLite query error:","params":[null],"sql":"SELECT * FROM nodes WHERE trace_id = ? ORDER BY start_time ASC","timestamp":"2025-10-17T04:55:51.236Z"}
{"error":{"code":"SQLITE_ERROR"},"level":"error","message":"SQLite query error:","params":[null],"sql":"SELECT * FROM nodes WHERE trace_id = ? ORDER BY start_time ASC","timestamp":"2025-10-17T04:56:01.227Z"}
{"error":{"code":"SQLITE_ERROR"},"level":"error","message":"SQLite query error:","params":[null],"sql":"SELECT * FROM nodes WHERE trace_id = ? ORDER BY start_time ASC","timestamp":"2025-10-17T04:56:11.222Z"}
{"error":{"code":"SQLITE_ERROR"},"level":"error","message":"SQLite query error:","params":[null],"sql":"SELECT * FROM nodes WHERE trace_id = ? ORDER BY start_time ASC","timestamp":"2025-10-17T04:56:21.234Z"}
{"error":{"code":"SQLITE_ERROR"},"level":"error","message":"SQLite query error:","params":[null],"sql":"SELECT * FROM nodes WHERE trace_id = ? ORDER BY start_time ASC","timestamp":"2025-10-17T04:56:31.227Z"}
{"error":{"code":"SQLITE_ERROR"},"level":"error","message":"SQLite query error:","params":[null],"sql":"SELECT * FROM nodes WHERE trace_id = ? ORDER BY start_time ASC","timestamp":"2025-10-17T04:56:41.234Z"}
{"level":"info","message":"Connecting to SQLite database:","timestamp":"2025-10-17T04:56:49.228Z"}
{"level":"info","message":"SQLite database connected","timestamp":"2025-10-17T04:56:49.238Z"}
{"level":"info","message":"Connecting to SQLite database:","timestamp":"2025-10-17T04:56:56.390Z"}
{"level":"info","message":"SQLite database connected","timestamp":"2025-10-17T04:56:56.401Z"}
{"error":{"code":"SQLITE_ERROR"},"level":"error","message":"SQLite get error:","params":["undefined"],"sql":"SELECT * FROM traces WHERE id = ?","timestamp":"2025-10-17T05:07:35.699Z"}
{"error":{"code":"SQLITE_ERROR"},"level":"error","message":"SQLite get error:","params":[null],"sql":"SELECT * FROM traces WHERE id = ?","timestamp":"2025-10-17T05:07:35.752Z"}
{"error":{"code":"SQLITE_ERROR"},"level":"error","message":"SQLite get error:","params":[null],"sql":"SELECT * FROM traces WHERE id = ?","timestamp":"2025-10-17T05:07:35.759Z"}
{"error":{"code":"SQLITE_ERROR"},"level":"error","message":"SQLite get error:","params":["undefined"],"sql":"SELECT * FROM traces WHERE id = ?","timestamp":"2025-10-17T05:07:35.767Z"}
{"error":{"code":"SQLITE_ERROR"},"level":"error","message":"SQLite get error:","params":[null],"sql":"SELECT * FROM traces WHERE id = ?","timestamp":"2025-10-17T05:12:53.343Z"}
{"error":{"code":"SQLITE_ERROR"},"level":"error","message":"SQLite get error:","params":[null],"sql":"SELECT * FROM traces WHERE id = ?","timestamp":"2025-10-17T05:12:53.368Z"}
{"error":{"code":"SQLITE_ERROR"},"level":"error","message":"SQLite get error:","params":["undefined"],"sql":"SELECT * FROM traces WHERE id = ?","timestamp":"2025-10-17T05:12:53.407Z"}
{"error":{"code":"SQLITE_ERROR"},"level":"error","message":"SQLite get error:","params":["undefined"],"sql":"SELECT * FROM traces WHERE id = ?","timestamp":"2025-10-17T05:12:53.426Z"}
{"error":{"code":"SQLITE_ERROR"},"level":"error","message":"SQLite get error:","params":[null],"sql":"SELECT * FROM traces WHERE id = ?","timestamp":"2025-10-17T14:48:37.592Z"}
{"error":{"code":"SQLITE_ERROR"},"level":"error","message":"SQLite get error:","params":["undefined"],"sql":"SELECT * FROM traces WHERE id = ?","timestamp":"2025-10-17T14:48:37.624Z"}
{"error":{"code":"SQLITE_ERROR"},"level":"error","message":"SQLite get error:","params":[null],"sql":"SELECT * FROM traces WHERE id = ?","timestamp":"2025-10-17T14:48:37.663Z"}
{"error":{"code":"SQLITE_ERROR"},"level":"error","message":"SQLite get error:","params":["undefined"],"sql":"SELECT * FROM traces WHERE id = ?","timestamp":"2025-10-17T14:48:37.666Z"}
{"error":{"code":"SQLITE_ERROR"},"level":"error","message":"SQLite get error:","params":[null],"sql":"SELECT * FROM traces WHERE id = ?","timestamp":"2025-10-17T15:08:26.332Z"}
{"error":{"code":"SQLITE_ERROR"},"level":"error","message":"SQLite get error:","params":[null],"sql":"SELECT * FROM traces WHERE id = ?","timestamp":"2025-10-17T15:08:26.338Z"}
{"error":{"code":"SQLITE_ERROR"},"level":"error","message":"SQLite get error:","params":["undefined"],"sql":"SELECT * FROM traces WHERE id = ?","timestamp":"2025-10-17T15:08:26.340Z"}
{"error":{"code":"SQLITE_ERROR"},"level":"error","message":"SQLite get error:","params":["undefined"],"sql":"SELECT * FROM traces WHERE id = ?","timestamp":"2025-10-17T15:08:26.353Z"}
{"level":"info","message":"Connecting to SQLite database:","timestamp":"2025-10-21T15:14:50.833Z"}
{"level":"info","message":"SQLite database connected","timestamp":"2025-10-21T15:14:51.116Z"}
{"level":"info","message":"Connecting to SQLite database:","timestamp":"2025-10-21T19:26:14.695Z"}
{"level":"info","message":"SQLite database connected","timestamp":"2025-10-21T19:26:14.704Z"}
